<?xml version="1.0" encoding="UTF-8"?>
<testsuite xmlns:xsi="http://www.w3.org/2001/XMLSchema-instance" xsi:noNamespaceSchemaLocation="https://maven.apache.org/surefire/maven-surefire-plugin/xsd/surefire-test-report-3.0.xsd" version="3.0" name="pl.polsl.model.StudentGradebookTest" time="0.042" tests="4" errors="0" skipped="0" failures="0">
  <properties>
[...]
</properties>
  <testcase name="testCalculateFinalGrade(List, double)[1]" classname="pl.polsl.model.StudentGradebookTest" time="0.014"/>
  <testcase name="testCalculateFinalGrade(List, double)[2]" classname="pl.polsl.model.StudentGradebookTest" time="0.001"/>
  <testcase name="testCalculateFinalGrade(List, double)[3]" classname="pl.polsl.model.StudentGradebookTest" time="0"/>
  <testcase name="testCalculateFinalGrade(List, double)[4]" classname="pl.polsl.model.StudentGradebookTest" time="0.001"/>
</testsuite>